# Coarse trajectory for log file [ruta.log]
# Format is: scan_index pos_x pos_y rot
0 -7.019299 -6.919000 0.840067
1 -6.939186 -6.829540 0.840067
2 -6.858986 -6.739982 0.840067
3 -6.777997 -6.649544 0.840067
4 -6.697496 -6.559650 0.840067
5 -6.617218 -6.470007 0.840067
6 -6.538576 -6.382188 0.840067
7 -6.458902 -6.293217 0.840067
8 -6.378697 -6.203654 0.840067
9 -6.298206 -6.113772 0.840067
10 -6.217854 -6.024044 0.840067
11 -6.137934 -5.934799 0.840067
12 -6.058069 -5.845616 0.840067
13 -5.978508 -5.756772 0.840067
14 -5.897829 -5.666680 0.840067
15 -5.817459 -5.576932 0.840067
16 -5.737922 -5.488115 0.840067
17 -5.656929 -5.397672 0.840067
18 -5.577055 -5.308479 0.840067
19 -5.497609 -5.219764 0.840067
20 -5.418150 -5.131033 0.840067
21 -5.338320 -5.041888 0.840067
22 -5.258079 -4.952284 0.840067
23 -5.177090 -4.861846 0.840067
24 -5.096587 -4.771951 0.840067
25 -5.016496 -4.682515 0.840067
26 -4.936338 -4.593005 0.840067
27 -4.856073 -4.503375 0.840067
28 -4.775156 -4.413018 0.840067
29 -4.695083 -4.323602 0.840067
30 -4.615867 -4.235142 0.840067
31 -4.593821 -4.215894 0.541479
32 -4.566310 -4.203209 0.244339
33 -4.466420 -4.196693 0.039489
34 -4.346378 -4.192150 0.039489
35 -4.226920 -4.187630 0.039489
36 -4.108413 -4.182148 0.039489
37 -3.987884 -4.177586 0.039489
38 -3.867992 -4.173049 0.039489
39 -3.747816 -4.168501 0.039489
40 -3.628271 -4.162977 0.039489
41 -3.508413 -4.158441 0.039489
42 -3.388373 -4.153899 0.039489
43 -3.269648 -4.149408 0.039489
44 -3.150500 -4.143900 0.039489
45 -3.031183 -4.139386 0.039489
46 -2.912373 -4.134892 0.039489
47 -2.793600 -4.130399 0.039489
48 -2.673891 -4.125870 0.039489
49 -2.553318 -4.120305 0.039489
50 -2.432018 -4.115713 0.039489
51 -2.312600 -4.111195 0.039489
52 -2.282406 -4.113528 -0.259627
53 -2.254690 -4.125173 -0.564213
54 -2.153200 -4.196058 -0.608436
55 -2.054765 -4.264153 -0.608436
56 -1.957515 -4.332175 -0.608436
57 -1.859218 -4.400175 -0.608436
58 -1.761368 -4.468615 -0.608436
59 -1.661812 -4.537490 -0.608436
60 -1.563592 -4.606188 -0.608436
61 -1.466484 -4.674111 -0.608436
62 -1.367727 -4.742431 -0.608436
63 -1.269781 -4.810938 -0.608436
64 -1.170600 -4.879552 -0.608436
65 -1.072866 -4.947912 -0.608436
66 -0.973569 -5.016607 -0.608436
67 -0.874905 -5.085614 -0.608436
68 -0.777338 -5.153105 -0.608436
69 -0.679902 -5.221256 -0.608436
70 -0.580669 -5.289907 -0.608436
71 -0.482299 -5.358710 -0.608436
72 -0.382688 -5.427624 -0.608436
73 -0.283490 -5.497003 -0.608436
74 -0.186127 -5.565104 -0.608436
75 -0.086106 -5.634304 -0.608436
76 0.011473 -5.702555 -0.608436
77 0.110051 -5.770750 -0.608436
78 0.206860 -5.838465 -0.608436
79 0.305362 -5.906606 -0.608436
80 0.403283 -5.975096 -0.608436
81 0.501684 -6.043167 -0.608436
82 0.600145 -6.112033 -0.608436
83 0.698974 -6.180403 -0.608436
84 0.797212 -6.249113 -0.608436
85 0.895900 -6.318136 -0.608436
86 0.996031 -6.387413 -0.608436
87 1.094556 -6.456323 -0.608436
88 1.192478 -6.524061 -0.608436
89 1.291237 -6.593134 -0.608436
90 1.390670 -6.661925 -0.608436
91 1.416652 -6.675481 -0.303100
92 1.445913 -6.680651 -0.005646
93 1.545068 -6.663970 0.191637
94 1.662251 -6.641399 0.191637
95 1.779868 -6.618744 0.191637
96 1.896609 -6.596122 0.191637
97 2.015559 -6.573208 0.191637
98 2.133812 -6.549421 0.191637
99 2.251796 -6.526695 0.191637
100 2.369374 -6.504047 0.191637
101 2.485601 -6.481662 0.191637
102 2.603250 -6.459001 0.191637
103 2.722191 -6.435080 0.191637
104 2.840322 -6.412325 0.191637
105 2.958037 -6.389651 0.191637
106 3.074429 -6.367097 0.191637
107 3.192404 -6.344372 0.191637
108 3.309684 -6.320773 0.191637
109 3.338322 -6.312069 0.492639
110 3.362325 -6.294760 0.788340
111 3.380959 -6.270910 1.090448
112 3.422608 -6.137240 1.283661
113 3.457171 -6.022065 1.283661
114 3.483482 -5.925688 1.490213
115 3.482827 -5.895643 1.786785
116 3.449227 -5.774182 1.837096
117 3.418530 -5.659163 1.837096
118 3.386483 -5.543712 1.837096
119 3.355580 -5.428744 1.837096
120 3.323681 -5.313834 1.837096
121 3.291596 -5.197439 1.837096
122 3.260576 -5.082039 1.837096
123 3.228540 -4.966630 1.837096
124 3.197528 -4.851262 1.837096
125 3.165536 -4.735206 1.837096
126 3.134169 -4.618534 1.837096
127 3.102299 -4.503734 1.837096
128 3.071185 -4.387993 1.837096
129 3.038815 -4.270549 1.837096
130 3.006782 -4.155151 1.837096
131 2.975797 -4.039881 1.837096
132 2.961168 -3.971315 1.535885
133 2.990911 -3.835546 1.337292
134 3.017761 -3.719373 1.337292
135 3.045667 -3.602909 1.337292
136 3.073515 -3.486685 1.337292
137 3.101509 -3.369851 1.337292
138 3.129638 -3.252446 1.337292
139 3.156866 -3.133469 1.337292
140 3.184617 -3.017652 1.337292
141 3.212645 -2.900676 1.337292
142 3.241039 -2.782160 1.337292
143 3.268931 -2.665750 1.337292
144 3.295931 -2.548948 1.337292
145 3.323903 -2.432204 1.337292
146 3.351782 -2.314634 1.337292
147 3.379759 -2.197871 1.337292
148 3.406744 -2.081134 1.337292
149 3.434924 -1.963513 1.337292
150 3.463215 -1.845432 1.337292
151 3.490905 -1.729874 1.337292
152 3.518781 -1.612317 1.337292
153 3.545680 -1.495937 1.337292
154 3.573819 -1.378492 1.337292
155 3.601632 -1.262418 1.337292
156 3.629549 -1.145905 1.337292
157 3.656230 -1.030446 1.337292
158 3.676628 -0.963038 1.050048
159 3.694311 -0.938817 0.741086
160 3.718414 -0.921441 0.441591
161 3.746992 -0.912745 0.138609
162 3.852276 -0.919844 -0.106860
163 3.972256 -0.932897 -0.106860
164 4.091272 -0.946013 -0.106860
165 4.210222 -0.958129 -0.106860
166 4.330099 -0.971171 -0.106860
167 4.448537 -0.984224 -0.106860
168 4.568209 -0.996418 -0.106860
169 4.687211 -1.009366 -0.106860
170 4.806082 -1.021474 -0.106860
171 4.926245 -1.034547 -0.106860
172 5.044207 -1.047549 -0.106860
173 5.162584 -1.059604 -0.106860
174 5.282042 -1.072601 -0.106860
175 5.401710 -1.085786 -0.106860
176 5.520822 -1.097754 -0.106860
177 5.639562 -1.110840 -0.106860
178 5.758885 -1.123988 -0.106860
179 5.878510 -1.136011 -0.106860
180 5.997826 -1.149159 -0.106860
181 6.116370 -1.162223 -0.106860
182 6.238052 -1.174467 -0.106860
183 6.358112 -1.187695 -0.106860
184 6.478284 -1.200769 -0.106860
185 6.596894 -1.212848 -0.106860
186 6.700854 -1.226940 -0.363425
