# Fine trajectory for log file [ruta.log]
# Format is: scan_index pos_x pos_y rot
0 -6.952994 -6.914073 0.844950
1 -6.873285 -6.824929 0.845060
2 -6.793489 -6.735687 0.845170
3 -6.712904 -6.645565 0.845280
4 -6.632807 -6.555987 0.845391
5 -6.552934 -6.466659 0.845501
6 -6.474696 -6.379156 0.845611
7 -6.395426 -6.290502 0.845721
8 -6.315625 -6.201255 0.845831
9 -6.235538 -6.111689 0.845941
10 -6.155590 -6.022277 0.846051
11 -6.076075 -5.933349 0.846162
12 -5.996614 -5.844481 0.846272
13 -5.917457 -5.755953 0.846382
14 -5.837182 -5.666177 0.846492
15 -5.757216 -5.576746 0.846602
16 -5.678084 -5.488244 0.846712
17 -5.597494 -5.398118 0.846823
18 -5.518025 -5.309240 0.846933
19 -5.438984 -5.220841 0.847043
20 -5.359929 -5.132427 0.847153
21 -5.280922 -5.042730 0.847288
22 -5.201505 -4.952574 0.847423
23 -5.121339 -4.861585 0.847559
24 -5.041661 -4.771138 0.847694
25 -4.962394 -4.681151 0.847829
26 -4.883059 -4.591089 0.847964
27 -4.803618 -4.500907 0.848100
28 -4.723525 -4.409998 0.848235
29 -4.644276 -4.320031 0.848370
30 -4.565883 -4.231019 0.848505
31 -4.544661 -4.211220 0.550052
32 -4.517974 -4.197983 0.253047
33 -4.418908 -4.190915 0.048332
34 -4.299689 -4.185821 0.048467
35 -4.181055 -4.180749 0.048603
36 -4.063372 -4.174715 0.048738
37 -3.943667 -4.169601 0.048873
38 -3.824599 -4.164513 0.049008
39 -3.705246 -4.159413 0.049143
40 -3.586526 -4.153338 0.049279
41 -3.469586 -4.147938 0.048952
42 -3.352464 -4.142532 0.048624
43 -3.236657 -4.137177 0.048297
44 -3.120427 -4.130805 0.047970
45 -3.004029 -4.125427 0.047643
46 -2.888136 -4.120070 0.047316
47 -2.772282 -4.114713 0.046989
48 -2.655491 -4.109320 0.046662
49 -2.537836 -4.102892 0.046335
50 -2.419454 -4.097435 0.046007
51 -2.302955 -4.092054 0.045680
52 -2.275679 -4.093523 -0.253762
53 -2.250881 -4.104305 -0.558675
54 -2.152309 -4.174326 -0.603225
55 -2.056793 -4.241557 -0.603553
56 -1.962461 -4.308715 -0.603880
57 -1.867081 -4.375851 -0.604207
58 -1.772150 -4.443427 -0.604534
59 -1.675512 -4.511439 -0.604861
60 -1.580210 -4.579273 -0.605188
61 -1.483147 -4.647641 -0.604777
62 -1.384433 -4.716406 -0.604367
63 -1.286532 -4.785357 -0.603956
64 -1.187395 -4.854417 -0.603545
65 -1.089705 -4.923221 -0.603134
66 -0.990453 -4.992362 -0.602723
67 -0.891833 -5.061814 -0.602312
68 -0.794310 -5.129749 -0.601902
69 -0.696918 -5.198346 -0.601491
70 -0.597730 -5.267442 -0.601080
71 -0.499404 -5.336689 -0.600669
72 -0.399837 -5.406048 -0.600258
73 -0.300683 -5.475872 -0.599848
74 -0.203364 -5.544418 -0.599437
75 -0.103387 -5.614063 -0.599026
76 -0.005853 -5.682759 -0.598615
77 0.092681 -5.751399 -0.598204
78 0.189446 -5.819559 -0.597793
79 0.287903 -5.888145 -0.597383
80 0.385780 -5.957080 -0.596972
81 0.483368 -6.025204 -0.597430
82 0.581016 -6.094123 -0.597889
83 0.679032 -6.162546 -0.598347
84 0.776457 -6.231309 -0.598806
85 0.874331 -6.300386 -0.599264
86 0.973649 -6.369716 -0.599722
87 1.071362 -6.438680 -0.600181
88 1.168470 -6.506471 -0.600639
89 1.266416 -6.575597 -0.601098
90 1.365036 -6.644441 -0.601556
91 1.390204 -6.658051 -0.296679
92 1.418653 -6.663274 0.000317
93 1.516994 -6.646646 0.197141
94 1.633365 -6.624128 0.196682
95 1.750168 -6.601527 0.196224
96 1.866096 -6.578958 0.195766
97 1.984234 -6.556097 0.195307
98 2.101673 -6.532363 0.194849
99 2.218844 -6.509690 0.194390
100 2.335609 -6.487096 0.193932
101 2.451949 -6.466680 0.193975
102 2.569712 -6.445989 0.194019
103 2.688767 -6.424037 0.194062
104 2.807011 -6.403252 0.194106
105 2.924840 -6.382548 0.194149
106 3.041346 -6.361963 0.194193
107 3.159435 -6.341208 0.194236
108 3.276828 -6.319579 0.194279
109 3.305580 -6.312844 0.495325
110 3.329697 -6.297505 0.791069
111 3.348444 -6.275624 1.093221
112 3.390206 -6.143924 1.286477
113 3.424883 -6.030719 1.286521
114 3.451307 -5.936311 1.493116
115 3.450766 -5.908235 1.789732
116 3.417280 -5.788743 1.840087
117 3.386697 -5.675694 1.840130
118 3.354763 -5.562213 1.840174
119 3.323974 -5.449214 1.840217
120 3.292188 -5.336274 1.840260
121 3.261018 -5.220016 1.840518
122 3.230911 -5.104753 1.840776
123 3.199790 -4.989481 1.841034
124 3.169692 -4.874251 1.841292
125 3.138614 -4.758332 1.841549
126 3.108161 -4.641797 1.841807
127 3.077205 -4.527135 1.842065
128 3.047006 -4.411530 1.842323
129 3.015550 -4.294224 1.842580
130 2.984431 -4.178963 1.842838
131 2.954360 -4.063829 1.843096
132 2.940645 -3.995401 1.542143
133 2.971302 -3.859769 1.343807
134 2.999066 -3.743733 1.344065
135 3.027886 -3.627406 1.344322
136 3.056649 -3.511320 1.344580
137 3.085557 -3.394623 1.344838
138 3.114600 -3.277355 1.345096
139 3.142742 -3.158515 1.345353
140 3.171408 -3.042835 1.345611
141 3.198733 -2.925320 1.345503
142 3.226425 -2.806264 1.345395
143 3.253616 -2.689316 1.345287
144 3.279914 -2.571974 1.345178
145 3.307185 -2.454691 1.345070
146 3.334362 -2.336583 1.344962
147 3.361637 -2.219280 1.344854
148 3.387920 -2.102004 1.344746
149 3.415399 -1.983844 1.344638
150 3.442987 -1.865224 1.344529
151 3.469976 -1.749127 1.344421
152 3.497150 -1.631030 1.344313
153 3.523347 -1.514111 1.344205
154 3.550785 -1.396127 1.344097
155 3.577896 -1.279515 1.343988
156 3.605111 -1.162462 1.343880
157 3.631090 -1.046464 1.343772
158 3.650786 -0.978516 1.056421
159 3.667768 -0.953756 0.747351
160 3.691169 -0.935841 0.447747
161 3.719788 -0.927077 0.145386
162 3.825111 -0.934108 -0.099462
163 3.945132 -0.947093 -0.098841
164 4.064189 -0.960139 -0.098220
165 4.183179 -0.972187 -0.097599
166 4.303096 -0.985161 -0.096978
167 4.421574 -0.998146 -0.096357
168 4.541287 -1.010271 -0.095736
169 4.660329 -1.023151 -0.095115
170 4.779240 -1.035190 -0.094494
171 4.899444 -1.048195 -0.093873
172 5.017446 -1.061128 -0.093252
173 5.135863 -1.073115 -0.092631
174 5.255361 -1.086044 -0.092010
175 5.375069 -1.099160 -0.091389
176 5.494222 -1.111060 -0.090768
177 5.613002 -1.124077 -0.090147
178 5.732365 -1.137157 -0.089526
179 5.852031 -1.149112 -0.088905
180 5.971387 -1.162191 -0.088284
181 6.089931 -1.175255 -0.088284
182 6.211613 -1.187499 -0.088284
183 6.331673 -1.200727 -0.088284
184 6.451845 -1.213801 -0.088284
185 6.570455 -1.225880 -0.088284
186 6.674415 -1.239972 -0.344850
